app/build/intermediates/manifest_merge_blame_file/debug/manifest-merger-blame-debug-report.txt
1<?xml version="1.0" encoding="utf-8"?>
2<manifest xmlns:android="http://schemas.android.com/apk/res/android"
3    package="com.example.daggerhiltplayground"
4    android:versionCode="1"
5    android:versionName="1.0" >
6
7    <uses-sdk
8        android:minSdkVersion="21"
8-->src/main/AndroidManifest.xml
9        android:targetSdkVersion="30" />
9-->src/main/AndroidManifest.xml
10
11    <uses-permission android:name="android.permission.INTERNET" />
11-->src/main/AndroidManifest.xml:5:5-67
11-->src/main/AndroidManifest.xml:5:22-64
12    <uses-permission android:name="android.permission.ACCESS_NETWORK_STATE" />
12-->src/main/AndroidManifest.xml:6:5-79
12-->src/main/AndroidManifest.xml:6:22-76
13    <uses-permission android:name="android.permission.REORDER_TASKS" />
13-->[androidx.fragment:fragment-testing:1.3.0-alpha06] AndroidManifest.xml:25:5-72
13-->[androidx.fragment:fragment-testing:1.3.0-alpha06] AndroidManifest.xml:25:22-69
14    <uses-permission android:name="android.permission.WRITE_EXTERNAL_STORAGE" />
15    <uses-permission android:name="android.permission.READ_PHONE_STATE" />
16    <uses-permission android:name="android.permission.READ_EXTERNAL_STORAGE" />
17
18    <application
18-->src/main/AndroidManifest.xml:8:5-23:19
19        android:name="com.example.daggerhiltplayground.MyApplication"
19-->src/main/AndroidManifest.xml:9:9-38
20        android:allowBackup="true"
20-->src/main/AndroidManifest.xml:10:9-35
21        android:appComponentFactory="androidx.core.app.CoreComponentFactory"
21-->[androidx.core:core:1.3.1] AndroidManifest.xml:24:18-86
22        android:debuggable="true"
23        android:icon="@mipmap/ic_launcher"
23-->src/main/AndroidManifest.xml:11:9-43
24        android:label="@string/app_name"
24-->src/main/AndroidManifest.xml:12:9-41
25        android:roundIcon="@mipmap/ic_launcher_round"
25-->src/main/AndroidManifest.xml:13:9-54
26        android:supportsRtl="true"
26-->src/main/AndroidManifest.xml:14:9-35
27        android:testOnly="true"
28        android:theme="@style/AppTheme" >
28-->src/main/AndroidManifest.xml:15:9-40
29        <activity android:name="com.example.daggerhiltplayground.ui.MainActivity" >
29-->src/main/AndroidManifest.xml:16:9-22:20
29-->src/main/AndroidManifest.xml:16:19-50
30            <intent-filter>
30-->src/main/AndroidManifest.xml:17:13-21:29
31                <action android:name="android.intent.action.MAIN" />
31-->src/main/AndroidManifest.xml:18:17-69
31-->src/main/AndroidManifest.xml:18:25-66
32
33                <category android:name="android.intent.category.LAUNCHER" />
33-->src/main/AndroidManifest.xml:20:17-77
33-->src/main/AndroidManifest.xml:20:27-74
34            </intent-filter>
35        </activity>
36        <activity
36-->[androidx.fragment:fragment-testing:1.3.0-alpha06] AndroidManifest.xml:28:9-37:20
37            android:name="androidx.fragment.app.testing.FragmentScenario$EmptyFragmentActivity"
37-->[androidx.fragment:fragment-testing:1.3.0-alpha06] AndroidManifest.xml:29:13-96
38            android:exported="true"
38-->[androidx.fragment:fragment-testing:1.3.0-alpha06] AndroidManifest.xml:30:13-36
39            android:multiprocess="true"
39-->[androidx.fragment:fragment-testing:1.3.0-alpha06] AndroidManifest.xml:31:13-40
40            android:taskAffinity=""
40-->[androidx.fragment:fragment-testing:1.3.0-alpha06] AndroidManifest.xml:32:13-36
41            android:theme="@style/FragmentScenarioEmptyFragmentActivityTheme" >
41-->[androidx.fragment:fragment-testing:1.3.0-alpha06] AndroidManifest.xml:33:13-78
42            <intent-filter>
42-->[androidx.fragment:fragment-testing:1.3.0-alpha06] AndroidManifest.xml:34:13-36:29
43                <action android:name="android.intent.action.MAIN" />
43-->src/main/AndroidManifest.xml:18:17-69
43-->src/main/AndroidManifest.xml:18:25-66
44            </intent-filter>
45        </activity>
46
47        <service
47-->[androidx.room:room-runtime:2.2.5] AndroidManifest.xml:25:9-28:40
48            android:name="androidx.room.MultiInstanceInvalidationService"
48-->[androidx.room:room-runtime:2.2.5] AndroidManifest.xml:26:13-74
49            android:directBootAware="true"
49-->[androidx.room:room-runtime:2.2.5] AndroidManifest.xml:27:13-43
50            android:exported="false" />
50-->[androidx.room:room-runtime:2.2.5] AndroidManifest.xml:28:13-37
51
52        <activity
52-->[androidx.test:core:1.2.0] AndroidManifest.xml:27:9-33:20
53            android:name="androidx.test.core.app.InstrumentationActivityInvoker$BootstrapActivity"
53-->[androidx.test:core:1.2.0] AndroidManifest.xml:28:13-99
54            android:theme="@android:style/Theme" >
54-->[androidx.test:core:1.2.0] AndroidManifest.xml:29:13-49
55            <intent-filter>
55-->[androidx.fragment:fragment-testing:1.3.0-alpha06] AndroidManifest.xml:34:13-36:29
56                <action android:name="android.intent.action.MAIN" />
56-->src/main/AndroidManifest.xml:18:17-69
56-->src/main/AndroidManifest.xml:18:25-66
57            </intent-filter>
58        </activity>
59        <activity
59-->[androidx.test:core:1.2.0] AndroidManifest.xml:34:9-40:20
60            android:name="androidx.test.core.app.InstrumentationActivityInvoker$EmptyActivity"
60-->[androidx.test:core:1.2.0] AndroidManifest.xml:35:13-95
61            android:theme="@android:style/Theme" >
61-->[androidx.test:core:1.2.0] AndroidManifest.xml:36:13-49
62            <intent-filter>
62-->[androidx.fragment:fragment-testing:1.3.0-alpha06] AndroidManifest.xml:34:13-36:29
63                <action android:name="android.intent.action.MAIN" />
63-->src/main/AndroidManifest.xml:18:17-69
63-->src/main/AndroidManifest.xml:18:25-66
64            </intent-filter>
65        </activity>
66        <activity
66-->[androidx.test:core:1.2.0] AndroidManifest.xml:41:9-47:20
67            android:name="androidx.test.core.app.InstrumentationActivityInvoker$EmptyFloatingActivity"
67-->[androidx.test:core:1.2.0] AndroidManifest.xml:42:13-103
68            android:theme="@android:style/Theme.Dialog" >
68-->[androidx.test:core:1.2.0] AndroidManifest.xml:43:13-56
69            <intent-filter>
69-->[androidx.fragment:fragment-testing:1.3.0-alpha06] AndroidManifest.xml:34:13-36:29
70                <action android:name="android.intent.action.MAIN" />
70-->src/main/AndroidManifest.xml:18:17-69
70-->src/main/AndroidManifest.xml:18:25-66
71            </intent-filter>
72        </activity>
73    </application>
74
75</manifest>